[2023-03-24T07:09:09.400Z] POST /api/v1/production/bienestar/get-professional-by-sede
[2023-03-24T07:09:13.226Z] POST /api/v1/production/bienestar/get-professional-by-sede
[2023-03-24T07:09:14.845Z] POST /api/v1/production/bienestar/get-professional-by-sede
[2023-03-24T08:05:07.945Z] POST /api/v1/production/bienestar/upcoming-appointments-by-professional
[2023-03-24T08:05:11.723Z] POST /api/v1/production/bienestar/upcoming-appointments-by-professional
[2023-03-24T08:05:14.723Z] POST /api/v1/production/bienestar/upcoming-appointment-by-professional
[2023-03-24T08:05:25.515Z] POST /api/v1/production/bienestar/upcoming-appointments-by-professional
[2023-03-24T08:12:02.242Z] POST /api/v1/production/bienestar/all-appointments-by-professional
[2023-03-24T08:12:03.320Z] POST /api/v1/production/bienestar/all-appointments-by-professional
[2023-03-24T08:12:04.277Z] POST /api/v1/production/bienestar/all-appointments-by-professional
[2023-03-24T08:12:04.867Z] POST /api/v1/production/bienestar/all-appointments-by-professional
[2023-03-29T16:44:41.721Z] POST /api/v1/production/bienestar/logi
[2023-03-29T16:46:01.842Z] POST /api/v1/production/bienestar/logi
[2023-03-29T16:47:14.704Z] POST /api/v1/production/bienestar/logi
[2023-03-29T16:50:46.742Z] POST /api/v1/production/bienestar/logi
[2023-03-29T16:51:13.874Z] POST /api/v1/production/bienestar/logi
[2023-03-29T16:51:35.931Z] POST /api/v1/production/bienestar/logi
[2023-03-29T16:53:07.722Z] POST /api/v1/production/bienestar/logi
[2023-03-29T16:53:37.310Z] POST /api/v1/production/bienestar/logi
[2023-03-29T16:53:53.053Z] POST /api/v1/production/bienestar/logi
[2023-03-29T17:13:02.353Z] POST /api/v1/production/bienestar/logi
[2023-03-29T17:20:04.868Z] POST /api/v1/production/bienestar/logi
[2023-03-29T17:22:59.347Z] POST /api/v1/production/bienestar/logi
[2023-03-29T17:24:05.111Z] POST /api/v1/production/bienestar/logi
[2023-03-29T17:28:14.400Z] POST /api/v1/production/bienestar/logi
[2023-03-29T17:28:22.310Z] POST /api/v1/production/bienestar/logi
[2023-03-29T17:34:33.420Z] POST /api/v1/production/bienestar/logi
[2023-03-29T17:35:19.684Z] POST /api/v1/production/bienestar/logi
[2023-03-29T19:28:47.579Z] POST /api/v1/production/bienestar/logi
[2023-03-29T19:29:06.278Z] POST /api/v1/production/bienestar/logi
[2023-03-29T19:31:03.803Z] POST /api/v1/production/bienestar/logi
[2023-03-29T19:33:11.338Z] POST /api/v1/production/bienestar/logi
[2023-03-29T19:41:27.229Z] POST /api/v1/production/bienestar/logi
[2023-03-29T19:42:19.016Z] POST /api/v1/production/bienestar/logi
[2023-03-29T19:43:38.323Z] POST /api/v1/production/bienestar/logi
[2023-03-29T19:45:30.298Z] POST /api/v1/production/bienestar/logi
[2023-03-29T19:53:54.743Z] POST /api/v1/production/bienestar/logi
[2023-03-29T20:03:35.262Z] POST /api/v1/production/bienestar/logi
[2023-03-29T21:35:23.208Z] POST /api/v1/production/bienestar/get-servics
[2023-03-29T21:35:35.936Z] POST /api/v1/production/bienestar/get-servics
[2023-03-29T21:39:08.464Z] POST /api/v1/production/bienestar/get-sevices
[2023-03-29T21:39:27.308Z] POST /api/v1/production/bienestar/get-sevices
[2023-03-29T21:39:34.961Z] POST /api/v1/production/bienestar/get-sevices
[2023-03-29T21:39:49.087Z] POST /api/v1/production/bienestar/get-sevices
[2023-03-29T21:39:53.972Z] POST /api/v1/production/bienestar/get-sevices
[2023-03-29T21:39:58.011Z] POST /api/v1/production/bienestar/get-sevices
[2023-03-29T21:40:20.365Z] POST /api/v1/production/bienestar/get-sevices
[2023-03-29T21:41:44.596Z] POST /api/v1/production/bienestar/get-sevices
[2023-03-29T21:42:13.836Z] POST /api/v1/production/bienestar/get-sevices
[2023-03-29T21:42:45.103Z] POST /api/v1/production/bienestar/get-sevices
[2023-03-29T21:44:43.819Z] POST /api/v1/production/bienestar/get-sevices
[2023-03-29T21:45:38.207Z] POST /api/v1/production/bienestar/get-sevices
[2023-03-29T21:45:39.680Z] POST /api/v1/production/bienestar/get-sevices
[2023-03-29T21:46:40.219Z] POST /api/v1/production/bienestar/get-sevices
[2023-03-29T21:47:13.851Z] POST /api/v1/production/bienestar/get-sevices
[2023-03-29T21:48:15.795Z] POST /api/v1/production/bienestar/get-sevices
[2023-03-29T21:48:17.920Z] POST /api/v1/production/bienestar/get-sevices
[2023-03-29T21:48:57.755Z] POST /api/v1/production/bienestar/get-sevices
[2023-03-29T21:49:02.895Z] POST /api/v1/production/bienestar/get-sevices
[2023-03-29T21:49:17.591Z] POST /api/v1/production/bienestar/get-sevices
[2023-03-29T21:49:28.672Z] POST /api/v1/production/bienestar/get-sevices
[2023-03-29T21:49:31.839Z] POST /api/v1/production/bienestar/get-sevices
[2023-03-29T21:50:54.876Z] POST /api/v1/production/bienestar/get-sevices
[2023-03-29T21:53:29.933Z] POST /api/v1/production/bienestar/get-sevices
[2023-03-29T21:53:58.024Z] POST /api/v1/production/bienestar/get-sevices
[2023-03-29T21:54:01.462Z] POST /api/v1/production/bienestar/get-sevices
[2023-03-29T21:54:02.729Z] POST /api/v1/production/bienestar/get-sevices
[2023-03-29T21:54:30.769Z] POST /api/v1/production/bienestar/get-sevices
[2023-03-29T21:54:32.913Z] POST /api/v1/production/bienestar/get-sevices
[2023-03-29T21:57:08.078Z] POST /api/v1/production/bienestar/get-sevices
[2023-03-29T22:02:55.070Z] POST /api/v1/production/bienestar/get-sevices
[2023-03-29T22:02:57.021Z] POST /api/v1/production/bienestar/get-sevices
[2023-03-29T22:03:09.943Z] POST /api/v1/production/bienestar/get-sevices
[2023-03-29T22:10:28.661Z] POST /api/v1/production/bienestar/get-sevices
[2023-03-29T22:10:49.528Z] POST /api/v1/production/bienestar/get-sevices
[2023-03-29T22:11:40.223Z] POST /api/v1/production/bienestar/get-sevices
[2023-03-29T22:12:53.351Z] POST /api/v1/production/bienestar/get-sevices
[2023-03-29T22:14:17.144Z] POST /api/v1/production/bienestar/get-sevices
[2023-03-29T22:16:00.270Z] POST /api/v1/production/bienestar/get-sevices
[2023-03-29T22:16:12.199Z] POST /api/v1/production/bienestar/get-sevices
[2023-03-29T22:17:41.252Z] POST /api/v1/production/bienestar/get-sevices
[2023-03-29T22:17:57.816Z] POST /api/v1/production/bienestar/get-sevices
[2023-03-29T22:18:07.756Z] POST /api/v1/production/bienestar/get-sevices
[2023-03-29T22:18:35.081Z] POST /api/v1/production/bienestar/get-sevices
[2023-03-29T22:23:21.645Z] POST /api/v1/production/bienestar/get-sevices
[2023-03-29T22:50:02.657Z] POST /api/v1/production/bienestar/creat-new-service
[2023-03-29T22:50:14.317Z] POST /api/v1/production/bienestar/creat-new-service
[2023-03-29T22:50:46.626Z] POST /api/v1/production/bienestar/creat-new-service
[2023-03-30T18:54:55.322Z] POST /api/v1/production/bienestar/delete-campus-area
